#
# A fatal error has been detected by the Java Runtime Environment:
#
#  EXCEPTION_ACCESS_VIOLATION (0xc0000005) at pc=0x00007ff884cd6a87, pid=11612, tid=4680
#
# JRE version: Java(TM) SE Runtime Environment (17.0.1+12) (build 17.0.1+12-LTS-39)
# Java VM: Java HotSpot(TM) 64-Bit Server VM (17.0.1+12-LTS-39, mixed mode, sharing, tiered, compressed oops, compressed class ptrs, g1 gc, windows-amd64)
# Problematic frame:
# C  [glass.dll+0x26a87]
#
# No core dump will be written. Minidumps are not enabled by default on client versions of Windows
#
# If you would like to submit a bug report, please visit:
#   https://bugreport.java.com/bugreport/crash.jsp
#

---------------  S U M M A R Y ------------

Command Line: -javaagent:C:\Program Files\JetBrains\IntelliJ IDEA Community Edition 2021.2.3\lib\idea_rt.jar=58126:C:\Program Files\JetBrains\IntelliJ IDEA Community Edition 2021.2.3\bin -Dfile.encoding=UTF-8 --module-path=C:\Users\dvt12\IdeaProjects\todoList\target\classes;C:\Users\dvt12\.m2\repository\org\openjfx\javafx-fxml\17.0.0.1\javafx-fxml-17.0.0.1-win.jar;C:\Users\dvt12\.m2\repository\org\openjfx\javafx-base\17.0.0.1\javafx-base-17.0.0.1-win.jar;C:\Users\dvt12\.m2\repository\org\openjfx\javafx-controls\17.0.0.1\javafx-controls-17.0.0.1-win.jar;C:\Users\dvt12\.m2\repository\org\openjfx\javafx-graphics\17.0.0.1\javafx-graphics-17.0.0.1-win.jar -Djdk.module.main=com.example.todolist com.example.todolist/com.example.todolist.Application

Host: Intel(R) Core(TM) i7-7700HQ CPU @ 2.80GHz, 8 cores, 7G,  Windows 10 , 64 bit Build 19041 (10.0.19041.1202)
Time: Tue Oct 26 22:44:30 2021 Turkey Standard Time elapsed time: 35.474038 seconds (0d 0h 0m 35s)

---------------  T H R E A D  ---------------

Current thread (0x0000022fed8089c0):  VMThread "VM Thread" [stack: 0x00000067a8d00000,0x00000067a8e00000] [id=4680]

Stack: [0x00000067a8d00000,0x00000067a8e00000],  sp=0x00000067a8dff280,  free space=1020k
Native frames: (J=compiled Java code, j=interpreted, Vv=VM code, C=native code)
C  [glass.dll+0x26a87]


siginfo: EXCEPTION_ACCESS_VIOLATION (0xc0000005), reading address 0x0000000000000000


Register to memory mapping:

RIP=0x00007ff884cd6a87 glass.dll
RAX=0x0 is NULL
RBX=0x0000022fed811e28 is a global jni handle
RCX=0x0000022fed8089c0 points into unknown readable memory: 0x00007ff831f0c5e0 | e0 c5 f0 31 f8 7f 00 00
RDX=0x00000067a8dff280 points into unknown readable memory: 0x0000000000000000 | 00 00 00 00 00 00 00 00
RSP=0x00000067a8dff280 points into unknown readable memory: 0x0000000000000000 | 00 00 00 00 00 00 00 00
RBP=0x0000022fef11fcb8 points into unknown readable memory: 0x0000deac726c91dc | dc 91 6c 72 ac de 00 00
RSI=0x0000022fef11fc90 points into unknown readable memory: 0x884c0d4ab26c9623 | 23 96 6c b2 4a 0d 4c 88
RDI=0x0000deac726c91dc is an unknown value
R8 =0x0000000000010002 is an unknown value
R9 =0x0000deac726c91dc is an unknown value
R10=0x0000000000008000 is an unknown value
R11=0x00000067a8dff210 points into unknown readable memory: 0x0000022fef11fc90 | 90 fc 11 ef 2f 02 00 00
R12=0x00007ff884cd4354 glass.dll
R13=0x00007ff8320b2940 jvm.dll
R14=0x00000067a8dff378 points into unknown readable memory: 0x00000067a8dff360 | 60 f3 df a8 67 00 00 00
R15=0x0000022fef11fc90 points into unknown readable memory: 0x884c0d4ab26c9623 | 23 96 6c b2 4a 0d 4c 88


Registers:
RAX=0x0000000000000000, RBX=0x0000022fed811e28, RCX=0x0000022fed8089c0, RDX=0x00000067a8dff280
RSP=0x00000067a8dff280, RBP=0x0000022fef11fcb8, RSI=0x0000022fef11fc90, RDI=0x0000deac726c91dc
R8 =0x0000000000010002, R9 =0x0000deac726c91dc, R10=0x0000000000008000, R11=0x00000067a8dff210
R12=0x00007ff884cd4354, R13=0x00007ff8320b2940, R14=0x00000067a8dff378, R15=0x0000022fef11fc90
RIP=0x00007ff884cd6a87, EFLAGS=0x0000000000010206

Top of Stack: (sp=0x00000067a8dff280)
0x00000067a8dff280:   0000000000000000 0000022fef11fc90
0x00000067a8dff290:   00007ff8320b2940 00007ff884cd4354
0x00000067a8dff2a0:   0000022fef11fc98 00007ff8b04342d6
0x00000067a8dff2b0:   0000deac726c91dc 0000022f00000000
0x00000067a8dff2c0:   0000022fef11fcb8 0000022fef11fc90
0x00000067a8dff2d0:   fffffffffffffffe 0000000000000000
0x00000067a8dff2e0:   0000000000000001 00007ff884cb0000
0x00000067a8dff2f0:   00000067a8dff368 00007ff8b04341fb
0x00000067a8dff300:   0000000000000000 00000067a8dff378
0x00000067a8dff310:   00000067a8dff640 00007ff8b0510e40
0x00000067a8dff320:   0000000000000001 00007ff8b04341b4
0x00000067a8dff330:   0000000000000000 0000000000000001
0x00000067a8dff340:   00007ff8aa162dd0 00000067a8dff368
0x00000067a8dff350:   000000000000000d 00007ff884cd41e1
0x00000067a8dff360:   00007ff884cea138 00007ff800000002
0x00000067a8dff370:   0000000000000002 00000067a8dff360 

Instructions: (pc=0x00007ff884cd6a87)
0x00007ff884cd6987:   8b 4d 58 e8 01 cf ff ff 48 8b 4d 60 e8 f8 ce ff
0x00007ff884cd6997:   ff 48 8b 95 80 00 00 00 48 8b 8d 18 01 00 00 e8
0x00007ff884cd69a7:   c6 c3 ff ff 33 d2 33 c9 e8 3c e1 ff ff 90 48 89
0x00007ff884cd69b7:   54 24 10 55 48 83 ec 20 48 8b ea 48 b8 00 00 00
0x00007ff884cd69c7:   00 00 00 00 00 48 83 c4 20 5d c3 cc 40 55 48 8b
0x00007ff884cd69d7:   ea 48 8b 01 33 c9 81 38 05 00 00 c0 0f 94 c1 8b
0x00007ff884cd69e7:   c1 5d c3 cc 40 55 48 83 ec 20 48 8b ea 8a 4d 40
0x00007ff884cd69f7:   48 83 c4 20 5d e9 f7 d2 ff ff cc 40 55 48 83 ec
0x00007ff884cd6a07:   20 48 8b ea 8a 4d 20 e8 e5 d2 ff ff 90 48 83 c4
0x00007ff884cd6a17:   20 5d c3 cc 40 55 48 83 ec 20 48 8b ea 48 83 c4
0x00007ff884cd6a27:   20 5d e9 46 d1 ff ff cc 40 55 48 83 ec 30 48 8b
0x00007ff884cd6a37:   ea 48 8b 01 8b 10 48 89 4c 24 28 89 54 24 20 4c
0x00007ff884cd6a47:   8d 0d e7 d5 ff ff 4c 8b 45 70 8b 55 68 48 8b 4d
0x00007ff884cd6a57:   60 e8 87 d0 ff ff 90 48 83 c4 30 5d c3 cc cc cc
0x00007ff884cd6a67:   cc cc cc cc cc cc cc cc cc 40 53 48 83 ec 20 48
0x00007ff884cd6a77:   8b 1d b3 30 01 00 48 85 db 74 16 e8 09 8b ff ff
0x00007ff884cd6a87:   4c 8b 00 48 8b d3 48 8b c8 41 ff 90 b0 00 00 00
0x00007ff884cd6a97:   90 48 83 c4 20 5b c3 cc cc 40 53 48 83 ec 20 48
0x00007ff884cd6aa7:   8b 1d 2b 32 01 00 48 85 db 74 57 b8 ff ff ff ff
0x00007ff884cd6ab7:   f0 0f c1 43 10 83 f8 01 75 3d 48 85 db 74 38 48
0x00007ff884cd6ac7:   8b 0b 48 85 c9 74 0d ff 15 d4 07 00 00 48 c7 03
0x00007ff884cd6ad7:   00 00 00 00 48 8b 4b 08 48 85 c9 74 0d e8 a7 cd
0x00007ff884cd6ae7:   ff ff 48 c7 43 08 00 00 00 00 ba 18 00 00 00 48
0x00007ff884cd6af7:   8b cb e8 92 cd ff ff 48 c7 05 cf 31 01 00 00 00
0x00007ff884cd6b07:   00 00 48 83 c4 20 5b c3 cc 40 53 48 83 ec 20 48
0x00007ff884cd6b17:   8b 1d 9b 31 01 00 48 85 db 74 57 b8 ff ff ff ff
0x00007ff884cd6b27:   f0 0f c1 43 10 83 f8 01 75 3d 48 85 db 74 38 48
0x00007ff884cd6b37:   8b 0b 48 85 c9 74 0d ff 15 64 07 00 00 48 c7 03
0x00007ff884cd6b47:   00 00 00 00 48 8b 4b 08 48 85 c9 74 0d e8 37 cd
0x00007ff884cd6b57:   ff ff 48 c7 43 08 00 00 00 00 ba 18 00 00 00 48
0x00007ff884cd6b67:   8b cb e8 22 cd ff ff 48 c7 05 3f 31 01 00 00 00
0x00007ff884cd6b77:   00 00 48 83 c4 20 5b c3 cc 40 53 48 83 ec 20 48 


Stack slot to memory mapping:
stack at sp + 0 slots: 0x0 is NULL
stack at sp + 1 slots: 0x0000022fef11fc90 points into unknown readable memory: 0x884c0d4ab26c9623 | 23 96 6c b2 4a 0d 4c 88
stack at sp + 2 slots: 0x00007ff8320b2940 jvm.dll
stack at sp + 3 slots: 0x00007ff884cd4354 glass.dll
stack at sp + 4 slots: 0x0000022fef11fc98 points into unknown readable memory: 0x0000deac726c91dc | dc 91 6c 72 ac de 00 00
stack at sp + 5 slots: 0x00007ff8b04342d6 ucrtbase.dll
stack at sp + 6 slots: 0x0000deac726c91dc is an unknown value
stack at sp + 7 slots: 0x0000022f00000000 is an unknown value

VM_Operation (0x00000067a9dff4e0): Exit, mode: safepoint, requested by thread 0x0000022fef4ab250


---------------  P R O C E S S  ---------------

Threads class SMR info:
_java_thread_list=0x0000022fee8ed350, length=21, elements={
0x0000022fcf7d3d60, 0x0000022fed80c4c0, 0x0000022fed80d240, 0x0000022fed8227e0,
0x0000022fed8253c0, 0x0000022fed825c80, 0x0000022fed826540, 0x0000022fed82a630,
0x0000022fed832f40, 0x0000022fed83fc40, 0x0000022fee472d50, 0x0000022fee6fd650,
0x0000022feeb4ee60, 0x0000022feec074d0, 0x0000022feef90170, 0x0000022feefdb290,
0x0000022fef11a4a0, 0x0000022fef4d7490, 0x0000022fef4abbf0, 0x0000022fef4ad400,
0x0000022fef4ab250
}

Java Threads: ( => current thread )
  0x0000022fcf7d3d60 JavaThread "main" [_thread_blocked, id=14948, stack(0x00000067a8700000,0x00000067a8800000)]
  0x0000022fed80c4c0 JavaThread "Reference Handler" daemon [_thread_blocked, id=17116, stack(0x00000067a8e00000,0x00000067a8f00000)]
  0x0000022fed80d240 JavaThread "Finalizer" daemon [_thread_blocked, id=18024, stack(0x00000067a8f00000,0x00000067a9000000)]
  0x0000022fed8227e0 JavaThread "Signal Dispatcher" daemon [_thread_blocked, id=7324, stack(0x00000067a9000000,0x00000067a9100000)]
  0x0000022fed8253c0 JavaThread "Attach Listener" daemon [_thread_blocked, id=11528, stack(0x00000067a9100000,0x00000067a9200000)]
  0x0000022fed825c80 JavaThread "Service Thread" daemon [_thread_blocked, id=1212, stack(0x00000067a9200000,0x00000067a9300000)]
  0x0000022fed826540 JavaThread "Monitor Deflation Thread" daemon [_thread_blocked, id=13960, stack(0x00000067a9300000,0x00000067a9400000)]
  0x0000022fed82a630 JavaThread "C2 CompilerThread0" daemon [_thread_blocked, id=19020, stack(0x00000067a9400000,0x00000067a9500000)]
  0x0000022fed832f40 JavaThread "C1 CompilerThread0" daemon [_thread_blocked, id=18528, stack(0x00000067a9500000,0x00000067a9600000)]
  0x0000022fed83fc40 JavaThread "Sweeper thread" daemon [_thread_blocked, id=19024, stack(0x00000067a9600000,0x00000067a9700000)]
  0x0000022fee472d50 JavaThread "Common-Cleaner" daemon [_thread_blocked, id=19060, stack(0x00000067a9700000,0x00000067a9800000)]
  0x0000022fee6fd650 JavaThread "Monitor Ctrl-Break" daemon [_thread_in_native, id=16612, stack(0x00000067a9a00000,0x00000067a9b00000)]
  0x0000022feeb4ee60 JavaThread "Notification Thread" daemon [_thread_blocked, id=9904, stack(0x00000067a9b00000,0x00000067a9c00000)]
  0x0000022feec074d0 JavaThread "QuantumRenderer-0" daemon [_thread_blocked, id=18916, stack(0x00000067a9900000,0x00000067a9a00000)]
  0x0000022feef90170 JavaThread "InvokeLaterDispatcher" daemon [_thread_blocked, id=10536, stack(0x00000067a9e00000,0x00000067a9f00000)]
  0x0000022feefdb290 JavaThread "JavaFX Application Thread" [_thread_in_native, id=15748, stack(0x00000067a9f00000,0x00000067aa000000)]
  0x0000022fef11a4a0 JavaThread "Thread-1" daemon [_thread_in_native, id=1540, stack(0x00000067aa100000,0x00000067aa200000)]
  0x0000022fef4d7490 JavaThread "JavaFX-Launcher" [_thread_blocked, id=16476, stack(0x00000067aa200000,0x00000067aa300000)]
  0x0000022fef4abbf0 JavaThread "Prism Font Disposer" daemon [_thread_blocked, id=5980, stack(0x00000067aab00000,0x00000067aac00000)]
  0x0000022fef4ad400 JavaThread "Cleaner-0" daemon [_thread_blocked, id=2592, stack(0x00000067aac00000,0x00000067aad00000)]
  0x0000022fef4ab250 JavaThread "SIGINT handler" daemon [_thread_blocked, id=2616, stack(0x00000067a9d00000,0x00000067a9e00000)]

Other Threads:
=>0x0000022fed8089c0 VMThread "VM Thread" [stack: 0x00000067a8d00000,0x00000067a8e00000] [id=4680]
  0x0000022fcf80dbb0 GCTaskThread "GC Thread#0" [stack: 0x00000067a8800000,0x00000067a8900000] [id=13100]
  0x0000022fef504760 GCTaskThread "GC Thread#1" [stack: 0x00000067aa300000,0x00000067aa400000] [id=12068]
  0x0000022fef4f4040 GCTaskThread "GC Thread#2" [stack: 0x00000067aa400000,0x00000067aa500000] [id=14456]
  0x0000022fef4d9e20 GCTaskThread "GC Thread#3" [stack: 0x00000067aa500000,0x00000067aa600000] [id=7196]
  0x0000022fef4da0d0 GCTaskThread "GC Thread#4" [stack: 0x00000067aa600000,0x00000067aa700000] [id=11088]
  0x0000022fef4da380 GCTaskThread "GC Thread#5" [stack: 0x00000067aa700000,0x00000067aa800000] [id=14824]
  0x0000022fefa4c9c0 GCTaskThread "GC Thread#6" [stack: 0x00000067aad00000,0x00000067aae00000] [id=18572]
  0x0000022fef8bc420 GCTaskThread "GC Thread#7" [stack: 0x00000067aae00000,0x00000067aaf00000] [id=15956]
  0x0000022fcf81f690 ConcurrentGCThread "G1 Main Marker" terminated
  0x0000022fcf820960 ConcurrentGCThread "G1 Conc#0" [stack: 0x00000067a8a00000,0x00000067a8b00000] [id=4332]
  0x0000022fcf8aaeb0 ConcurrentGCThread "G1 Refine#0" terminated
  0x0000022fcf8abcf0 ConcurrentGCThread "G1 Service" terminated

Threads with active compile tasks:

VM state: at safepoint (shutting down)

VM Mutex/Monitor currently owned by a thread:  ([mutex/lock_event])
[0x0000022fcf7cfa10] Threads_lock - owner thread: 0x0000022fed8089c0
[0x0000022fcf7cfc50] Heap_lock - owner thread: 0x0000022fef4ab250

Heap address: 0x0000000081c00000, size: 2020 MB, Compressed Oops mode: 32-bit

CDS archive(s) mapped at: [0x0000000800000000-0x0000000800bc0000-0x0000000800bc0000), size 12320768, SharedBaseAddress: 0x0000000800000000, ArchiveRelocationMode: 0.
Compressed class space mapped at: 0x0000000800c00000-0x0000000840c00000, reserved size: 1073741824
Narrow klass base: 0x0000000800000000, Narrow klass shift: 0, Narrow klass range: 0x100000000

GC Precious Log:
 CPUs: 8 total, 8 available
 Memory: 8077M
 Large Page Support: Disabled
 NUMA Support: Disabled
 Compressed Oops: Enabled (32-bit)
 Heap Region Size: 1M
 Heap Min Capacity: 8M
 Heap Initial Capacity: 128M
 Heap Max Capacity: 2020M
 Pre-touch: Disabled
 Parallel Workers: 8
 Concurrent Workers: 2
 Concurrent Refinement Workers: 8
 Periodic GC: Disabled

Heap:
 garbage-first heap   total 131072K, used 50104K [0x0000000081c00000, 0x0000000100000000)
  region size 1024K, 46 young (47104K), 5 survivors (5120K)
 Metaspace       used 16858K, committed 17088K, reserved 1064960K
  class space    used 2192K, committed 2304K, reserved 1048576K

Heap Regions: E=young(eden), S=young(survivor), O=old, HS=humongous(starts), HC=humongous(continues), CS=collection set, F=free, OA=open archive, CA=closed archive, TAMS=top-at-mark-start (previous, next)
|   0|0x0000000081c00000, 0x0000000081d00000, 0x0000000081d00000|100%|HS|  |TAMS 0x0000000081c00000, 0x0000000081c00000| Complete 
|   1|0x0000000081d00000, 0x0000000081e00000, 0x0000000081e00000|100%|HC|  |TAMS 0x0000000081d00000, 0x0000000081d00000| Complete 
|   2|0x0000000081e00000, 0x0000000081f00000, 0x0000000081f00000|100%| O|  |TAMS 0x0000000081e00000, 0x0000000081e00000| Untracked 
|   3|0x0000000081f00000, 0x0000000082000000, 0x0000000082000000|100%| O|  |TAMS 0x0000000081f00000, 0x0000000081f00000| Untracked 
|   4|0x0000000082000000, 0x00000000820b5200, 0x0000000082100000| 70%| O|  |TAMS 0x0000000082000000, 0x0000000082000000| Untracked 
|   5|0x0000000082100000, 0x0000000082100000, 0x0000000082200000|  0%| F|  |TAMS 0x0000000082100000, 0x0000000082100000| Untracked 
|   6|0x0000000082200000, 0x0000000082200000, 0x0000000082300000|  0%| F|  |TAMS 0x0000000082200000, 0x0000000082200000| Untracked 
|   7|0x0000000082300000, 0x0000000082300000, 0x0000000082400000|  0%| F|  |TAMS 0x0000000082300000, 0x0000000082300000| Untracked 
|   8|0x0000000082400000, 0x0000000082400000, 0x0000000082500000|  0%| F|  |TAMS 0x0000000082400000, 0x0000000082400000| Untracked 
|   9|0x0000000082500000, 0x0000000082500000, 0x0000000082600000|  0%| F|  |TAMS 0x0000000082500000, 0x0000000082500000| Untracked 
|  10|0x0000000082600000, 0x0000000082600000, 0x0000000082700000|  0%| F|  |TAMS 0x0000000082600000, 0x0000000082600000| Untracked 
|  11|0x0000000082700000, 0x0000000082700000, 0x0000000082800000|  0%| F|  |TAMS 0x0000000082700000, 0x0000000082700000| Untracked 
|  12|0x0000000082800000, 0x0000000082800000, 0x0000000082900000|  0%| F|  |TAMS 0x0000000082800000, 0x0000000082800000| Untracked 
|  13|0x0000000082900000, 0x0000000082900000, 0x0000000082a00000|  0%| F|  |TAMS 0x0000000082900000, 0x0000000082900000| Untracked 
|  14|0x0000000082a00000, 0x0000000082a00000, 0x0000000082b00000|  0%| F|  |TAMS 0x0000000082a00000, 0x0000000082a00000| Untracked 
|  15|0x0000000082b00000, 0x0000000082b00000, 0x0000000082c00000|  0%| F|  |TAMS 0x0000000082b00000, 0x0000000082b00000| Untracked 
|  16|0x0000000082c00000, 0x0000000082c00000, 0x0000000082d00000|  0%| F|  |TAMS 0x0000000082c00000, 0x0000000082c00000| Untracked 
|  17|0x0000000082d00000, 0x0000000082d00000, 0x0000000082e00000|  0%| F|  |TAMS 0x0000000082d00000, 0x0000000082d00000| Untracked 
|  18|0x0000000082e00000, 0x0000000082e00000, 0x0000000082f00000|  0%| F|  |TAMS 0x0000000082e00000, 0x0000000082e00000| Untracked 
|  19|0x0000000082f00000, 0x0000000082f00000, 0x0000000083000000|  0%| F|  |TAMS 0x0000000082f00000, 0x0000000082f00000| Untracked 
|  20|0x0000000083000000, 0x0000000083000000, 0x0000000083100000|  0%| F|  |TAMS 0x0000000083000000, 0x0000000083000000| Untracked 
|  21|0x0000000083100000, 0x0000000083100000, 0x0000000083200000|  0%| F|  |TAMS 0x0000000083100000, 0x0000000083100000| Untracked 
|  22|0x0000000083200000, 0x0000000083200000, 0x0000000083300000|  0%| F|  |TAMS 0x0000000083200000, 0x0000000083200000| Untracked 
|  23|0x0000000083300000, 0x0000000083300000, 0x0000000083400000|  0%| F|  |TAMS 0x0000000083300000, 0x0000000083300000| Untracked 
|  24|0x0000000083400000, 0x0000000083400000, 0x0000000083500000|  0%| F|  |TAMS 0x0000000083400000, 0x0000000083400000| Untracked 
|  25|0x0000000083500000, 0x0000000083500000, 0x0000000083600000|  0%| F|  |TAMS 0x0000000083500000, 0x0000000083500000| Untracked 
|  26|0x0000000083600000, 0x0000000083600000, 0x0000000083700000|  0%| F|  |TAMS 0x0000000083600000, 0x0000000083600000| Untracked 
|  27|0x0000000083700000, 0x0000000083700000, 0x0000000083800000|  0%| F|  |TAMS 0x0000000083700000, 0x0000000083700000| Untracked 
|  28|0x0000000083800000, 0x0000000083800000, 0x0000000083900000|  0%| F|  |TAMS 0x0000000083800000, 0x0000000083800000| Untracked 
|  29|0x0000000083900000, 0x0000000083900000, 0x0000000083a00000|  0%| F|  |TAMS 0x0000000083900000, 0x0000000083900000| Untracked 
|  30|0x0000000083a00000, 0x0000000083a00000, 0x0000000083b00000|  0%| F|  |TAMS 0x0000000083a00000, 0x0000000083a00000| Untracked 
|  31|0x0000000083b00000, 0x0000000083b00000, 0x0000000083c00000|  0%| F|  |TAMS 0x0000000083b00000, 0x0000000083b00000| Untracked 
|  32|0x0000000083c00000, 0x0000000083c00000, 0x0000000083d00000|  0%| F|  |TAMS 0x0000000083c00000, 0x0000000083c00000| Untracked 
|  33|0x0000000083d00000, 0x0000000083d00000, 0x0000000083e00000|  0%| F|  |TAMS 0x0000000083d00000, 0x0000000083d00000| Untracked 
|  34|0x0000000083e00000, 0x0000000083e00000, 0x0000000083f00000|  0%| F|  |TAMS 0x0000000083e00000, 0x0000000083e00000| Untracked 
|  35|0x0000000083f00000, 0x0000000083f00000, 0x0000000084000000|  0%| F|  |TAMS 0x0000000083f00000, 0x0000000083f00000| Untracked 
|  36|0x0000000084000000, 0x0000000084000000, 0x0000000084100000|  0%| F|  |TAMS 0x0000000084000000, 0x0000000084000000| Untracked 
|  37|0x0000000084100000, 0x0000000084100000, 0x0000000084200000|  0%| F|  |TAMS 0x0000000084100000, 0x0000000084100000| Untracked 
|  38|0x0000000084200000, 0x0000000084200000, 0x0000000084300000|  0%| F|  |TAMS 0x0000000084200000, 0x0000000084200000| Untracked 
|  39|0x0000000084300000, 0x0000000084300000, 0x0000000084400000|  0%| F|  |TAMS 0x0000000084300000, 0x0000000084300000| Untracked 
|  40|0x0000000084400000, 0x0000000084400000, 0x0000000084500000|  0%| F|  |TAMS 0x0000000084400000, 0x0000000084400000| Untracked 
|  41|0x0000000084500000, 0x0000000084500000, 0x0000000084600000|  0%| F|  |TAMS 0x0000000084500000, 0x0000000084500000| Untracked 
|  42|0x0000000084600000, 0x0000000084600000, 0x0000000084700000|  0%| F|  |TAMS 0x0000000084600000, 0x0000000084600000| Untracked 
|  43|0x0000000084700000, 0x0000000084700000, 0x0000000084800000|  0%| F|  |TAMS 0x0000000084700000, 0x0000000084700000| Untracked 
|  44|0x0000000084800000, 0x0000000084800000, 0x0000000084900000|  0%| F|  |TAMS 0x0000000084800000, 0x0000000084800000| Untracked 
|  45|0x0000000084900000, 0x0000000084900000, 0x0000000084a00000|  0%| F|  |TAMS 0x0000000084900000, 0x0000000084900000| Untracked 
|  46|0x0000000084a00000, 0x0000000084a00000, 0x0000000084b00000|  0%| F|  |TAMS 0x0000000084a00000, 0x0000000084a00000| Untracked 
|  47|0x0000000084b00000, 0x0000000084b00000, 0x0000000084c00000|  0%| F|  |TAMS 0x0000000084b00000, 0x0000000084b00000| Untracked 
|  48|0x0000000084c00000, 0x0000000084c00000, 0x0000000084d00000|  0%| F|  |TAMS 0x0000000084c00000, 0x0000000084c00000| Untracked 
|  49|0x0000000084d00000, 0x0000000084d00000, 0x0000000084e00000|  0%| F|  |TAMS 0x0000000084d00000, 0x0000000084d00000| Untracked 
|  50|0x0000000084e00000, 0x0000000084e00000, 0x0000000084f00000|  0%| F|  |TAMS 0x0000000084e00000, 0x0000000084e00000| Untracked 
|  51|0x0000000084f00000, 0x0000000084f00000, 0x0000000085000000|  0%| F|  |TAMS 0x0000000084f00000, 0x0000000084f00000| Untracked 
|  52|0x0000000085000000, 0x0000000085000000, 0x0000000085100000|  0%| F|  |TAMS 0x0000000085000000, 0x0000000085000000| Untracked 
|  53|0x0000000085100000, 0x0000000085100000, 0x0000000085200000|  0%| F|  |TAMS 0x0000000085100000, 0x0000000085100000| Untracked 
|  54|0x0000000085200000, 0x0000000085200000, 0x0000000085300000|  0%| F|  |TAMS 0x0000000085200000, 0x0000000085200000| Untracked 
|  55|0x0000000085300000, 0x0000000085300000, 0x0000000085400000|  0%| F|  |TAMS 0x0000000085300000, 0x0000000085300000| Untracked 
|  56|0x0000000085400000, 0x0000000085400000, 0x0000000085500000|  0%| F|  |TAMS 0x0000000085400000, 0x0000000085400000| Untracked 
|  57|0x0000000085500000, 0x0000000085500000, 0x0000000085600000|  0%| F|  |TAMS 0x0000000085500000, 0x0000000085500000| Untracked 
|  58|0x0000000085600000, 0x0000000085600000, 0x0000000085700000|  0%| F|  |TAMS 0x0000000085600000, 0x0000000085600000| Untracked 
|  59|0x0000000085700000, 0x0000000085700000, 0x0000000085800000|  0%| F|  |TAMS 0x0000000085700000, 0x0000000085700000| Untracked 
|  60|0x0000000085800000, 0x0000000085800000, 0x0000000085900000|  0%| F|  |TAMS 0x0000000085800000, 0x0000000085800000| Untracked 
|  61|0x0000000085900000, 0x0000000085900000, 0x0000000085a00000|  0%| F|  |TAMS 0x0000000085900000, 0x0000000085900000| Untracked 
|  62|0x0000000085a00000, 0x0000000085a00000, 0x0000000085b00000|  0%| F|  |TAMS 0x0000000085a00000, 0x0000000085a00000| Untracked 
|  63|0x0000000085b00000, 0x0000000085b00000, 0x0000000085c00000|  0%| F|  |TAMS 0x0000000085b00000, 0x0000000085b00000| Untracked 
|  64|0x0000000085c00000, 0x0000000085c00000, 0x0000000085d00000|  0%| F|  |TAMS 0x0000000085c00000, 0x0000000085c00000| Untracked 
|  65|0x0000000085d00000, 0x0000000085d00000, 0x0000000085e00000|  0%| F|  |TAMS 0x0000000085d00000, 0x0000000085d00000| Untracked 
|  66|0x0000000085e00000, 0x0000000085e00000, 0x0000000085f00000|  0%| F|  |TAMS 0x0000000085e00000, 0x0000000085e00000| Untracked 
|  67|0x0000000085f00000, 0x0000000085f00000, 0x0000000086000000|  0%| F|  |TAMS 0x0000000085f00000, 0x0000000085f00000| Untracked 
|  68|0x0000000086000000, 0x0000000086000000, 0x0000000086100000|  0%| F|  |TAMS 0x0000000086000000, 0x0000000086000000| Untracked 
|  69|0x0000000086100000, 0x0000000086100000, 0x0000000086200000|  0%| F|  |TAMS 0x0000000086100000, 0x0000000086100000| Untracked 
|  70|0x0000000086200000, 0x0000000086200000, 0x0000000086300000|  0%| F|  |TAMS 0x0000000086200000, 0x0000000086200000| Untracked 
|  71|0x0000000086300000, 0x0000000086300000, 0x0000000086400000|  0%| F|  |TAMS 0x0000000086300000, 0x0000000086300000| Untracked 
|  72|0x0000000086400000, 0x0000000086400000, 0x0000000086500000|  0%| F|  |TAMS 0x0000000086400000, 0x0000000086400000| Untracked 
|  73|0x0000000086500000, 0x0000000086500000, 0x0000000086600000|  0%| F|  |TAMS 0x0000000086500000, 0x0000000086500000| Untracked 
|  74|0x0000000086600000, 0x0000000086600000, 0x0000000086700000|  0%| F|  |TAMS 0x0000000086600000, 0x0000000086600000| Untracked 
|  75|0x0000000086700000, 0x0000000086700000, 0x0000000086800000|  0%| F|  |TAMS 0x0000000086700000, 0x0000000086700000| Untracked 
|  76|0x0000000086800000, 0x0000000086800000, 0x0000000086900000|  0%| F|  |TAMS 0x0000000086800000, 0x0000000086800000| Untracked 
|  77|0x0000000086900000, 0x0000000086900000, 0x0000000086a00000|  0%| F|  |TAMS 0x0000000086900000, 0x0000000086900000| Untracked 
|  78|0x0000000086a00000, 0x0000000086a00000, 0x0000000086b00000|  0%| F|  |TAMS 0x0000000086a00000, 0x0000000086a00000| Untracked 
|  79|0x0000000086b00000, 0x0000000086b00000, 0x0000000086c00000|  0%| F|  |TAMS 0x0000000086b00000, 0x0000000086b00000| Untracked 
|  80|0x0000000086c00000, 0x0000000086c00000, 0x0000000086d00000|  0%| F|  |TAMS 0x0000000086c00000, 0x0000000086c00000| Untracked 
|  81|0x0000000086d00000, 0x0000000086d00000, 0x0000000086e00000|  0%| F|  |TAMS 0x0000000086d00000, 0x0000000086d00000| Untracked 
|  82|0x0000000086e00000, 0x0000000086e60170, 0x0000000086f00000| 37%| E|  |TAMS 0x0000000086e00000, 0x0000000086e00000| Complete 
|  83|0x0000000086f00000, 0x0000000087000000, 0x0000000087000000|100%| E|CS|TAMS 0x0000000086f00000, 0x0000000086f00000| Complete 
|  84|0x0000000087000000, 0x0000000087100000, 0x0000000087100000|100%| E|CS|TAMS 0x0000000087000000, 0x0000000087000000| Complete 
|  85|0x0000000087100000, 0x0000000087200000, 0x0000000087200000|100%| E|CS|TAMS 0x0000000087100000, 0x0000000087100000| Complete 
|  86|0x0000000087200000, 0x0000000087300000, 0x0000000087300000|100%| E|CS|TAMS 0x0000000087200000, 0x0000000087200000| Complete 
|  87|0x0000000087300000, 0x0000000087400000, 0x0000000087400000|100%| E|CS|TAMS 0x0000000087300000, 0x0000000087300000| Complete 
|  88|0x0000000087400000, 0x0000000087439160, 0x0000000087500000| 22%| S|CS|TAMS 0x0000000087400000, 0x0000000087400000| Complete 
|  89|0x0000000087500000, 0x0000000087600000, 0x0000000087600000|100%| S|CS|TAMS 0x0000000087500000, 0x0000000087500000| Complete 
|  90|0x0000000087600000, 0x0000000087700000, 0x0000000087700000|100%| S|CS|TAMS 0x0000000087600000, 0x0000000087600000| Complete 
|  91|0x0000000087700000, 0x0000000087800000, 0x0000000087800000|100%| S|CS|TAMS 0x0000000087700000, 0x0000000087700000| Complete 
|  92|0x0000000087800000, 0x0000000087900000, 0x0000000087900000|100%| S|CS|TAMS 0x0000000087800000, 0x0000000087800000| Complete 
|  93|0x0000000087900000, 0x0000000087a00000, 0x0000000087a00000|100%| E|CS|TAMS 0x0000000087900000, 0x0000000087900000| Complete 
|  94|0x0000000087a00000, 0x0000000087b00000, 0x0000000087b00000|100%| E|CS|TAMS 0x0000000087a00000, 0x0000000087a00000| Complete 
|  95|0x0000000087b00000, 0x0000000087c00000, 0x0000000087c00000|100%| E|CS|TAMS 0x0000000087b00000, 0x0000000087b00000| Complete 
|  96|0x0000000087c00000, 0x0000000087d00000, 0x0000000087d00000|100%| E|CS|TAMS 0x0000000087c00000, 0x0000000087c00000| Complete 
|  97|0x0000000087d00000, 0x0000000087e00000, 0x0000000087e00000|100%| E|CS|TAMS 0x0000000087d00000, 0x0000000087d00000| Complete 
|  98|0x0000000087e00000, 0x0000000087f00000, 0x0000000087f00000|100%| E|CS|TAMS 0x0000000087e00000, 0x0000000087e00000| Complete 
|  99|0x0000000087f00000, 0x0000000088000000, 0x0000000088000000|100%| E|CS|TAMS 0x0000000087f00000, 0x0000000087f00000| Complete 
| 100|0x0000000088000000, 0x0000000088100000, 0x0000000088100000|100%| E|CS|TAMS 0x0000000088000000, 0x0000000088000000| Complete 
| 101|0x0000000088100000, 0x0000000088200000, 0x0000000088200000|100%| E|CS|TAMS 0x0000000088100000, 0x0000000088100000| Complete 
| 102|0x0000000088200000, 0x0000000088300000, 0x0000000088300000|100%| E|CS|TAMS 0x0000000088200000, 0x0000000088200000| Complete 
| 103|0x0000000088300000, 0x0000000088400000, 0x0000000088400000|100%| E|CS|TAMS 0x0000000088300000, 0x0000000088300000| Complete 
| 104|0x0000000088400000, 0x0000000088500000, 0x0000000088500000|100%| E|CS|TAMS 0x0000000088400000, 0x0000000088400000| Complete 
| 105|0x0000000088500000, 0x0000000088600000, 0x0000000088600000|100%| E|CS|TAMS 0x0000000088500000, 0x0000000088500000| Complete 
| 106|0x0000000088600000, 0x0000000088700000, 0x0000000088700000|100%| E|CS|TAMS 0x0000000088600000, 0x0000000088600000| Complete 
| 107|0x0000000088700000, 0x0000000088800000, 0x0000000088800000|100%| E|CS|TAMS 0x0000000088700000, 0x0000000088700000| Complete 
| 108|0x0000000088800000, 0x0000000088900000, 0x0000000088900000|100%| E|CS|TAMS 0x0000000088800000, 0x0000000088800000| Complete 
| 109|0x0000000088900000, 0x0000000088a00000, 0x0000000088a00000|100%| E|CS|TAMS 0x0000000088900000, 0x0000000088900000| Complete 
| 110|0x0000000088a00000, 0x0000000088b00000, 0x0000000088b00000|100%| E|CS|TAMS 0x0000000088a00000, 0x0000000088a00000| Complete 
| 111|0x0000000088b00000, 0x0000000088c00000, 0x0000000088c00000|100%| E|CS|TAMS 0x0000000088b00000, 0x0000000088b00000| Complete 
| 112|0x0000000088c00000, 0x0000000088d00000, 0x0000000088d00000|100%| E|CS|TAMS 0x0000000088c00000, 0x0000000088c00000| Complete 
| 113|0x0000000088d00000, 0x0000000088e00000, 0x0000000088e00000|100%| E|CS|TAMS 0x0000000088d00000, 0x0000000088d00000| Complete 
| 114|0x0000000088e00000, 0x0000000088f00000, 0x0000000088f00000|100%| E|CS|TAMS 0x0000000088e00000, 0x0000000088e00000| Complete 
| 115|0x0000000088f00000, 0x0000000089000000, 0x0000000089000000|100%| E|CS|TAMS 0x0000000088f00000, 0x0000000088f00000| Complete 
| 116|0x0000000089000000, 0x0000000089100000, 0x0000000089100000|100%| E|CS|TAMS 0x0000000089000000, 0x0000000089000000| Complete 
| 117|0x0000000089100000, 0x0000000089200000, 0x0000000089200000|100%| E|CS|TAMS 0x0000000089100000, 0x0000000089100000| Complete 
| 118|0x0000000089200000, 0x0000000089300000, 0x0000000089300000|100%| E|CS|TAMS 0x0000000089200000, 0x0000000089200000| Complete 
| 119|0x0000000089300000, 0x0000000089400000, 0x0000000089400000|100%| E|CS|TAMS 0x0000000089300000, 0x0000000089300000| Complete 
| 120|0x0000000089400000, 0x0000000089500000, 0x0000000089500000|100%| E|CS|TAMS 0x0000000089400000, 0x0000000089400000| Complete 
| 121|0x0000000089500000, 0x0000000089600000, 0x0000000089600000|100%| E|CS|TAMS 0x0000000089500000, 0x0000000089500000| Complete 
| 122|0x0000000089600000, 0x0000000089700000, 0x0000000089700000|100%| E|CS|TAMS 0x0000000089600000, 0x0000000089600000| Complete 
| 123|0x0000000089700000, 0x0000000089800000, 0x0000000089800000|100%| E|CS|TAMS 0x0000000089700000, 0x0000000089700000| Complete 
| 124|0x0000000089800000, 0x0000000089900000, 0x0000000089900000|100%| E|CS|TAMS 0x0000000089800000, 0x0000000089800000| Complete 
| 125|0x0000000089900000, 0x0000000089a00000, 0x0000000089a00000|100%| E|CS|TAMS 0x0000000089900000, 0x0000000089900000| Complete 
| 126|0x0000000089a00000, 0x0000000089b00000, 0x0000000089b00000|100%| E|CS|TAMS 0x0000000089a00000, 0x0000000089a00000| Complete 
| 127|0x0000000089b00000, 0x0000000089c00000, 0x0000000089c00000|100%| E|CS|TAMS 0x0000000089b00000, 0x0000000089b00000| Complete 

Card table byte_map: [0x0000022fe6710000,0x0000022fe6b10000] _byte_map_base: 0x0000022fe6302000

Marking Bits (Prev, Next): (CMBitMap*) 0x0000022fcf80f0e0, (CMBitMap*) 0x0000022fcf80f120
 Prev Bits: [0x0000022fe6f10000, 0x0000022fe8ea0000)
 Next Bits: [0x0000022fe8ea0000, 0x0000022feae30000)

Polling page: 0x0000022fcd6e0000

Metaspace:

Usage:
  Non-class:     14.32 MB used.
      Class:      2.14 MB used.
       Both:     16.46 MB used.

Virtual space:
  Non-class space:       16.00 MB reserved,      14.44 MB ( 90%) committed,  2 nodes.
      Class space:        1.00 GB reserved,       2.25 MB ( <1%) committed,  1 nodes.
             Both:        1.02 GB reserved,      16.69 MB (  2%) committed. 

Chunk freelists:
   Non-Class:  1.51 MB
       Class:  1.71 MB
        Both:  3.21 MB

MaxMetaspaceSize: unlimited
CompressedClassSpaceSize: 1.00 GB
Initial GC threshold: 21.00 MB
Current GC threshold: 21.00 MB
CDS: on
MetaspaceReclaimPolicy: balanced
 - commit_granule_bytes: 65536.
 - commit_granule_words: 8192.
 - virtual_space_node_default_size: 1048576.
 - enlarge_chunks_in_place: 1.
 - new_chunks_are_fully_committed: 0.
 - uncommit_free_chunks: 1.
 - use_allocation_guard: 0.
 - handle_deallocations: 1.


Internal statistics:

num_allocs_failed_limit: 0.
num_arena_births: 276.
num_arena_deaths: 0.
num_vsnodes_births: 3.
num_vsnodes_deaths: 0.
num_space_committed: 267.
num_space_uncommitted: 0.
num_chunks_returned_to_freelist: 0.
num_chunks_taken_from_freelist: 850.
num_chunk_merges: 0.
num_chunk_splits: 556.
num_chunks_enlarged: 395.
num_purges: 0.
num_inconsistent_stats: 0.

CodeHeap 'non-profiled nmethods': size=120000Kb used=2059Kb max_used=2059Kb free=117940Kb
 bounds [0x0000022fdeab0000, 0x0000022fded20000, 0x0000022fe5fe0000]
CodeHeap 'profiled nmethods': size=120000Kb used=9331Kb max_used=9331Kb free=110669Kb
 bounds [0x0000022fd7580000, 0x0000022fd7ea0000, 0x0000022fdeab0000]
CodeHeap 'non-nmethods': size=5760Kb used=1413Kb max_used=1504Kb free=4347Kb
 bounds [0x0000022fd6fe0000, 0x0000022fd7250000, 0x0000022fd7580000]
 total_blobs=5207 nmethods=4435 adapters=684
 compilation: enabled
              stopped_count=0, restarted_count=0
 full_count=0

Compilation events (20 events):
Event: 33.986 Thread 0x0000022fed832f40 4436       3       javafx.beans.property.BooleanPropertyBase::bind (95 bytes)
Event: 33.987 Thread 0x0000022fed832f40 nmethod 4436 0x0000022fd7e97e90 code [0x0000022fd7e98100, 0x0000022fd7e98f18]
Event: 33.987 Thread 0x0000022fed832f40 4437       3       javafx.beans.property.BooleanPropertyBase::unbind (59 bytes)
Event: 33.987 Thread 0x0000022fed832f40 nmethod 4437 0x0000022fd7e99290 code [0x0000022fd7e99480, 0x0000022fd7e99a88]
Event: 33.987 Thread 0x0000022fed832f40 4439       3       javafx.scene.layout.Region::getSnapScaleX (8 bytes)
Event: 33.988 Thread 0x0000022fed832f40 nmethod 4439 0x0000022fd7e99c10 code [0x0000022fd7e99e60, 0x0000022fd7e9a788]
Event: 33.988 Thread 0x0000022fed832f40 4440       3       javafx.scene.layout.Region::getSnapScaleY (8 bytes)
Event: 33.988 Thread 0x0000022fed832f40 nmethod 4440 0x0000022fd7e9aa10 code [0x0000022fd7e9ac60, 0x0000022fd7e9b588]
Event: 33.988 Thread 0x0000022fed832f40 4441       3       javafx.scene.layout.Region::snapPosition (14 bytes)
Event: 33.988 Thread 0x0000022fed832f40 nmethod 4441 0x0000022fd7e9b810 code [0x0000022fd7e9b9c0, 0x0000022fd7e9bba8]
Event: 33.988 Thread 0x0000022fed832f40 4438       3       javafx.scene.text.Text$7::invalidated (60 bytes)
Event: 33.989 Thread 0x0000022fed832f40 nmethod 4438 0x0000022fd7e9bc90 code [0x0000022fd7e9bf00, 0x0000022fd7e9c888]
Event: 33.989 Thread 0x0000022feea0e620 nmethod 4420 0x0000022fdec9c590 code [0x0000022fdec9c740, 0x0000022fdec9caa8]
Event: 33.989 Thread 0x0000022feea0e620 4428       4       javafx.beans.property.SimpleBooleanProperty::<init> (25 bytes)
Event: 33.995 Thread 0x0000022feea0e620 nmethod 4428 0x0000022fdec9cc90 code [0x0000022fdec9ce00, 0x0000022fdec9d198]
Event: 33.995 Thread 0x0000022feea0e620 4419       4       javafx.scene.Node$ReadOnlyObjectWrapperManualFire::fireValueChangedEvent (1 bytes)
Event: 33.995 Thread 0x0000022feea0e620 nmethod 4419 0x0000022fdec9d210 code [0x0000022fdec9d380, 0x0000022fdec9d3f8]
Event: 34.531 Thread 0x0000022fed82a630 nmethod 4416 0x0000022fdec9d510 code [0x0000022fdec9df60, 0x0000022fdecaad10]
Event: 34.943 Thread 0x0000022fed82a630 4442       4       jdk.internal.misc.Unsafe::weakCompareAndSetInt (11 bytes)
Event: 34.943 Thread 0x0000022fed82a630 nmethod 4442 0x0000022fdecb2a10 code [0x0000022fdecb2b80, 0x0000022fdecb2c18]

GC Heap History (4 events):
Event: 0.754 GC heap before
{Heap before GC invocations=0 (full 0):
 garbage-first heap   total 131072K, used 22528K [0x0000000081c00000, 0x0000000100000000)
  region size 1024K, 23 young (23552K), 0 survivors (0K)
 Metaspace       used 5484K, committed 5632K, reserved 1056768K
  class space    used 675K, committed 768K, reserved 1048576K
}
Event: 0.757 GC heap after
{Heap after GC invocations=1 (full 0):
 garbage-first heap   total 131072K, used 2994K [0x0000000081c00000, 0x0000000100000000)
  region size 1024K, 3 young (3072K), 3 survivors (3072K)
 Metaspace       used 5484K, committed 5632K, reserved 1056768K
  class space    used 675K, committed 768K, reserved 1048576K
}
Event: 1.543 GC heap before
{Heap before GC invocations=1 (full 0):
 garbage-first heap   total 131072K, used 37810K [0x0000000081c00000, 0x0000000100000000)
  region size 1024K, 35 young (35840K), 3 survivors (3072K)
 Metaspace       used 14056K, committed 14272K, reserved 1064960K
  class space    used 2069K, committed 2176K, reserved 1048576K
}
Event: 1.549 GC heap after
{Heap after GC invocations=2 (full 0):
 garbage-first heap   total 131072K, used 9144K [0x0000000081c00000, 0x0000000100000000)
  region size 1024K, 5 young (5120K), 5 survivors (5120K)
 Metaspace       used 14056K, committed 14272K, reserved 1064960K
  class space    used 2069K, committed 2176K, reserved 1048576K
}

Deoptimization events (20 events):
Event: 29.618 Thread 0x0000022feefdb290 Uncommon trap: trap_request=0xffffffbe fr.pc=0x0000022fdec67118 relative=0x0000000000000ab8
Event: 29.618 Thread 0x0000022feefdb290 Uncommon trap: reason=profile_predicate action=maybe_recompile pc=0x0000022fdec67118 method=java.util.TimSort.binarySort([Ljava/lang/Object;IIILjava/util/Comparator;)V @ 73 c2
Event: 29.618 Thread 0x0000022feefdb290 DEOPT PACKING pc=0x0000022fdec67118 sp=0x00000067a9fcb5a0
Event: 29.618 Thread 0x0000022feefdb290 DEOPT UNPACKING pc=0x0000022fd70323a3 sp=0x00000067a9fcb560 mode 2
Event: 33.354 Thread 0x0000022feefdb290 Uncommon trap: trap_request=0xffffffbe fr.pc=0x0000022fdec87dc8 relative=0x0000000000006368
Event: 33.354 Thread 0x0000022feefdb290 Uncommon trap: reason=profile_predicate action=maybe_recompile pc=0x0000022fdec87dc8 method=javafx.scene.CssStyleHelper.transitionToState(Ljavafx/scene/Node;)V @ 291 c2
Event: 33.354 Thread 0x0000022feefdb290 DEOPT PACKING pc=0x0000022fdec87dc8 sp=0x00000067a9fbf730
Event: 33.354 Thread 0x0000022feefdb290 DEOPT UNPACKING pc=0x0000022fd70323a3 sp=0x00000067a9fbf6a8 mode 2
Event: 33.356 Thread 0x0000022feefdb290 Uncommon trap: trap_request=0xffffffbe fr.pc=0x0000022fdec87dc8 relative=0x0000000000006368
Event: 33.356 Thread 0x0000022feefdb290 Uncommon trap: reason=profile_predicate action=maybe_recompile pc=0x0000022fdec87dc8 method=javafx.scene.CssStyleHelper.transitionToState(Ljavafx/scene/Node;)V @ 291 c2
Event: 33.356 Thread 0x0000022feefdb290 DEOPT PACKING pc=0x0000022fdec87dc8 sp=0x00000067a9fbf730
Event: 33.356 Thread 0x0000022feefdb290 DEOPT UNPACKING pc=0x0000022fd70323a3 sp=0x00000067a9fbf6a8 mode 2
Event: 33.356 Thread 0x0000022feefdb290 Uncommon trap: trap_request=0xffffffbe fr.pc=0x0000022fdec87dc8 relative=0x0000000000006368
Event: 33.356 Thread 0x0000022feefdb290 Uncommon trap: reason=profile_predicate action=maybe_recompile pc=0x0000022fdec87dc8 method=javafx.scene.CssStyleHelper.transitionToState(Ljavafx/scene/Node;)V @ 291 c2
Event: 33.356 Thread 0x0000022feefdb290 DEOPT PACKING pc=0x0000022fdec87dc8 sp=0x00000067a9fbf730
Event: 33.356 Thread 0x0000022feefdb290 DEOPT UNPACKING pc=0x0000022fd70323a3 sp=0x00000067a9fbf6a8 mode 2
Event: 33.359 Thread 0x0000022feefdb290 Uncommon trap: trap_request=0xffffffbe fr.pc=0x0000022fdec87dc8 relative=0x0000000000006368
Event: 33.359 Thread 0x0000022feefdb290 Uncommon trap: reason=profile_predicate action=maybe_recompile pc=0x0000022fdec87dc8 method=javafx.scene.CssStyleHelper.transitionToState(Ljavafx/scene/Node;)V @ 291 c2
Event: 33.359 Thread 0x0000022feefdb290 DEOPT PACKING pc=0x0000022fdec87dc8 sp=0x00000067a9fbf730
Event: 33.359 Thread 0x0000022feefdb290 DEOPT UNPACKING pc=0x0000022fd70323a3 sp=0x00000067a9fbf6a8 mode 2

Classes unloaded (0 events):
No events

Classes redefined (0 events):
No events

Internal exceptions (20 events):
Event: 0.922 Thread 0x0000022feefdb290 Exception <a 'java/lang/NoSuchMethodError'{0x00000000891e0548}: 'void java.lang.invoke.DirectMethodHandle$Holder.invokeStaticInit(java.lang.Object, java.lang.Object)'> (0x00000000891e0548) 
thrown [t:\workspace\open\src\hotspot\share\interpreter\linkResolver.cpp, line 766]
Event: 0.934 Thread 0x0000022feefdb290 Exception <a 'java/lang/NoSuchMethodError'{0x00000000890e45b8}: 'void java.lang.invoke.DirectMethodHandle$Holder.invokeSpecial(java.lang.Object, java.lang.Object, java.lang.Object, java.lang.Object, java.lang.Object)'> (0x00000000890e45b8) 
thrown [t:\workspace\open\src\hotspot\share\interpreter\linkResolver.cpp, line 766]
Event: 0.992 Thread 0x0000022feefdb290 Exception <a 'sun/nio/fs/WindowsException'{0x0000000088ef2378}> (0x0000000088ef2378) 
thrown [t:\workspace\open\src\hotspot\share\prims\jni.cpp, line 516]
Event: 1.014 Thread 0x0000022feefdb290 Implicit null exception at 0x0000022fdeb0cb0f to 0x0000022fdeb0cf64
Event: 1.108 Thread 0x0000022fed8253c0 Exception <a 'java/lang/NoSuchMethodError'{0x0000000088afa6b0}: 'java.lang.Object java.lang.invoke.DirectMethodHandle$Holder.invokeStaticInit(java.lang.Object, int)'> (0x0000000088afa6b0) 
thrown [t:\workspace\open\src\hotspot\share\interpreter\linkResolver.cpp, line 766]
Event: 1.220 Thread 0x0000022feefdb290 Exception <a 'java/lang/ClassNotFoundException'{0x00000000886ad3a0}: com/sun/javafx/scene/control/skin/resources/controls> (0x00000000886ad3a0) 
thrown [t:\workspace\open\src\hotspot\share\prims\jni.cpp, line 535]
Event: 1.221 Thread 0x0000022feefdb290 Exception <a 'java/lang/ClassNotFoundException'{0x00000000886bb340}: com/sun/javafx/scene/control/skin/resources/controls_en> (0x00000000886bb340) 
thrown [t:\workspace\open\src\hotspot\share\prims\jni.cpp, line 535]
Event: 1.222 Thread 0x0000022feefdb290 Exception <a 'java/lang/ClassNotFoundException'{0x00000000886bc2d8}: com/sun/javafx/scene/control/skin/resources/controls_en_US> (0x00000000886bc2d8) 
thrown [t:\workspace\open\src\hotspot\share\prims\jni.cpp, line 535]
Event: 1.287 Thread 0x0000022feefdb290 Exception <a 'java/lang/NoSuchMethodError'{0x0000000088179890}: 'void java.lang.invoke.DirectMethodHandle$Holder.invokeSpecial(java.lang.Object, java.lang.Object, java.lang.Object, java.lang.Object, java.lang.Object, java.lang.Object)'> (0x0000000088179890) 
thrown [t:\workspace\open\src\hotspot\share\interpreter\linkResolver.cpp, line 766]
Event: 1.349 Thread 0x0000022feefdb290 Exception <a 'java/lang/NoSuchMethodError'{0x0000000087edbe00}: 'java.lang.Object java.lang.invoke.DirectMethodHandle$Holder.invokeInterface(java.lang.Object, java.lang.Object, java.lang.Object)'> (0x0000000087edbe00) 
thrown [t:\workspace\open\src\hotspot\share\interpreter\linkResolver.cpp, line 766]
Event: 1.350 Thread 0x0000022feefdb290 Exception <a 'java/lang/IncompatibleClassChangeError'{0x0000000087edf788}: Found class java.lang.Object, but interface was expected> (0x0000000087edf788) 
thrown [t:\workspace\open\src\hotspot\share\interpreter\linkResolver.cpp, line 833]
Event: 1.432 Thread 0x0000022feefdb290 Exception <a 'java/lang/NoSuchMethodError'{0x0000000087caa118}: 'java.lang.Object java.lang.invoke.DirectMethodHandle$Holder.newInvokeSpecial(java.lang.Object, java.lang.Object, int)'> (0x0000000087caa118) 
thrown [t:\workspace\open\src\hotspot\share\interpreter\linkResolver.cpp, line 766]
Event: 1.461 Thread 0x0000022feec074d0 Exception <a 'java/lang/NoSuchMethodError'{0x0000000087b7f028}: 'int java.lang.invoke.DirectMethodHandle$Holder.invokeStaticInit(java.lang.Object, java.lang.Object)'> (0x0000000087b7f028) 
thrown [t:\workspace\open\src\hotspot\share\interpreter\linkResolver.cpp, line 766]
Event: 1.469 Thread 0x0000022feefdb290 Exception <a 'java/lang/NoSuchMethodError'{0x0000000087b3e148}: 'long java.lang.invoke.DirectMethodHandle$Holder.invokeStatic(java.lang.Object, java.lang.Object, java.lang.Object)'> (0x0000000087b3e148) 
thrown [t:\workspace\open\src\hotspot\share\interpreter\linkResolver.cpp, line 766]
Event: 1.469 Thread 0x0000022feefdb290 Exception <a 'java/lang/NoSuchMethodError'{0x0000000087b418f0}: 'long java.lang.invoke.DirectMethodHandle$Holder.invokeStaticInit(java.lang.Object, java.lang.Object, java.lang.Object)'> (0x0000000087b418f0) 
thrown [t:\workspace\open\src\hotspot\share\interpreter\linkResolver.cpp, line 766]
Event: 1.475 Thread 0x0000022feefdb290 Exception <a 'java/lang/NoSuchMethodError'{0x0000000087b594f8}: 'java.lang.Object java.lang.invoke.DirectMethodHandle$Holder.newInvokeSpecial(java.lang.Object, java.lang.Object, long)'> (0x0000000087b594f8) 
thrown [t:\workspace\open\src\hotspot\share\interpreter\linkResolver.cpp, line 766]
Event: 1.476 Thread 0x0000022feefdb290 Exception <a 'java/lang/NoSuchMethodError'{0x0000000087b5d068}: 'java.lang.Object java.lang.invoke.Invokers$Holder.linkToTargetMethod(java.lang.Object, long, java.lang.Object)'> (0x0000000087b5d068) 
thrown [t:\workspace\open\src\hotspot\share\interpreter\linkResolver.cpp, line 766]
Event: 9.808 Thread 0x0000022feefdb290 Exception <a 'java/lang/NoSuchMethodError'{0x00000000894f0630}: 'java.lang.Object java.lang.invoke.DirectMethodHandle$Holder.newInvokeSpecial(java.lang.Object, java.lang.Object, int, int, int, int, int, java.lang.Object)'> (0x00000000894f0630) 
thrown [t:\workspace\open\src\hotspot\share\interpreter\linkResolver.cpp, line 766]
Event: 9.810 Thread 0x0000022feefdb290 Exception <a 'java/lang/NoSuchMethodError'{0x0000000089304530}: 'java.lang.Object java.lang.invoke.DirectMethodHandle$Holder.newInvokeSpecial(java.lang.Object, java.lang.Object, java.lang.Object, int, int, int, int, int)'> (0x0000000089304530) 
thrown [t:\workspace\open\src\hotspot\share\interpreter\linkResolver.cpp, line 766]
Event: 9.811 Thread 0x0000022feefdb290 Exception <a 'java/lang/NoSuchMethodError'{0x000000008930c830}: 'java.lang.Object java.lang.invoke.Invokers$Holder.linkToTargetMethod(java.lang.Object, java.lang.Object, int, int, int, int, int, java.lang.Object)'> (0x000000008930c830) 
thrown [t:\workspace\open\src\hotspot\share\interpreter\linkResolver.cpp, line 766]

VM Operations (20 events):
Event: 24.980 Executing VM operation: Cleanup done
Event: 25.980 Executing VM operation: Cleanup
Event: 25.980 Executing VM operation: Cleanup done
Event: 26.981 Executing VM operation: Cleanup
Event: 26.981 Executing VM operation: Cleanup done
Event: 27.982 Executing VM operation: Cleanup
Event: 27.982 Executing VM operation: Cleanup done
Event: 28.982 Executing VM operation: Cleanup
Event: 28.983 Executing VM operation: Cleanup done
Event: 29.983 Executing VM operation: Cleanup
Event: 29.983 Executing VM operation: Cleanup done
Event: 30.321 Executing VM operation: HandshakeAllThreads
Event: 30.321 Executing VM operation: HandshakeAllThreads done
Event: 31.321 Executing VM operation: Cleanup
Event: 31.321 Executing VM operation: Cleanup done
Event: 32.322 Executing VM operation: Cleanup
Event: 32.322 Executing VM operation: Cleanup done
Event: 33.322 Executing VM operation: Cleanup
Event: 33.322 Executing VM operation: Cleanup done
Event: 34.943 Executing VM operation: Exit

Events (20 events):
Event: 22.296 Thread 0x0000022feeb371c0 Thread exited: 0x0000022feeb371c0
Event: 23.039 Thread 0x0000022fef995a70 Thread added: 0x0000022fef995a70
Event: 23.443 Thread 0x0000022fef995a70 Thread exited: 0x0000022fef995a70
Event: 24.258 Thread 0x0000022ff77ff2f0 Thread added: 0x0000022ff77ff2f0
Event: 24.809 Thread 0x0000022ff77ff2f0 Thread exited: 0x0000022ff77ff2f0
Event: 24.871 Thread 0x0000022feea0eb30 Thread added: 0x0000022feea0eb30
Event: 25.428 Thread 0x0000022feea0eb30 Thread exited: 0x0000022feea0eb30
Event: 27.810 Thread 0x0000022feea0e620 Thread added: 0x0000022feea0e620
Event: 28.211 Thread 0x0000022feea0e620 Thread exited: 0x0000022feea0e620
Event: 31.752 Thread 0x0000022feea0dc00 Thread added: 0x0000022feea0dc00
Event: 32.021 Thread 0x0000022feea0dc00 Thread exited: 0x0000022feea0dc00
Event: 33.972 Thread 0x0000022feea0e620 Thread added: 0x0000022feea0e620
Event: 34.940 loading class jdk/internal/misc/Signal$1
Event: 34.940 loading class jdk/internal/misc/Signal$1 done
Event: 34.941 Thread 0x0000022fef4ab250 Thread added: 0x0000022fef4ab250
Event: 34.941 Thread 0x0000022fef4ac0c0 Thread added: 0x0000022fef4ac0c0
Event: 34.941 Thread 0x0000022fef4acf30 Thread added: 0x0000022fef4acf30
Event: 34.942 Thread 0x0000022fef4acf30 Thread exited: 0x0000022fef4acf30
Event: 34.943 Thread 0x0000022feea0e620 Thread exited: 0x0000022feea0e620
Event: 34.943 Thread 0x0000022fef4ac0c0 Thread exited: 0x0000022fef4ac0c0


Dynamic libraries:
0x00007ff7e7110000 - 0x00007ff7e7120000 	C:\Program Files\Java\jdk-17.0.1\bin\java.exe
0x00007ff8b24d0000 - 0x00007ff8b26c5000 	C:\Windows\SYSTEM32\ntdll.dll
0x00007ff8b0680000 - 0x00007ff8b073e000 	C:\Windows\System32\KERNEL32.DLL
0x00007ff8afd20000 - 0x00007ff8affe9000 	C:\Windows\System32\KERNELBASE.dll
0x00007ff8b0420000 - 0x00007ff8b0520000 	C:\Windows\System32\ucrtbase.dll
0x00007ff8ab340000 - 0x00007ff8ab358000 	C:\Program Files\Java\jdk-17.0.1\bin\jli.dll
0x00007ff8ab360000 - 0x00007ff8ab37a000 	C:\Program Files\Java\jdk-17.0.1\bin\VCRUNTIME140.dll
0x00007ff8b10d0000 - 0x00007ff8b117c000 	C:\Windows\System32\ADVAPI32.dll
0x00007ff8b20c0000 - 0x00007ff8b215e000 	C:\Windows\System32\msvcrt.dll
0x00007ff8b11e0000 - 0x00007ff8b127b000 	C:\Windows\System32\sechost.dll
0x00007ff8b0f30000 - 0x00007ff8b105a000 	C:\Windows\System32\RPCRT4.dll
0x00007ff8b1ae0000 - 0x00007ff8b1c81000 	C:\Windows\System32\USER32.dll
0x00007ff891e30000 - 0x00007ff8920ca000 	C:\Windows\WinSxS\amd64_microsoft.windows.common-controls_6595b64144ccf1df_6.0.19041.1110_none_60b5254171f9507e\COMCTL32.dll
0x00007ff8b0310000 - 0x00007ff8b0332000 	C:\Windows\System32\win32u.dll
0x00007ff8b2400000 - 0x00007ff8b242b000 	C:\Windows\System32\GDI32.dll
0x00007ff8b0150000 - 0x00007ff8b025b000 	C:\Windows\System32\gdi32full.dll
0x00007ff8afc80000 - 0x00007ff8afd1d000 	C:\Windows\System32\msvcp_win.dll
0x00007ff8a91a0000 - 0x00007ff8a91aa000 	C:\Windows\SYSTEM32\VERSION.dll
0x00007ff8b21f0000 - 0x00007ff8b2220000 	C:\Windows\System32\IMM32.DLL
0x00007ff8ab330000 - 0x00007ff8ab33c000 	C:\Program Files\Java\jdk-17.0.1\bin\vcruntime140_1.dll
0x00007ff887080000 - 0x00007ff88710d000 	C:\Program Files\Java\jdk-17.0.1\bin\msvcp140.dll
0x00007ff831590000 - 0x00007ff83214e000 	C:\Program Files\Java\jdk-17.0.1\bin\server\jvm.dll
0x00007ff8b1280000 - 0x00007ff8b1288000 	C:\Windows\System32\PSAPI.DLL
0x00007ff8a3ad0000 - 0x00007ff8a3af7000 	C:\Windows\SYSTEM32\WINMM.dll
0x00007ff8a0ae0000 - 0x00007ff8a0ae9000 	C:\Windows\SYSTEM32\WSOCK32.dll
0x00007ff8b1060000 - 0x00007ff8b10cb000 	C:\Windows\System32\WS2_32.dll
0x00007ff8adb40000 - 0x00007ff8adb52000 	C:\Windows\SYSTEM32\kernel.appcore.dll
0x00007ff8ab320000 - 0x00007ff8ab32a000 	C:\Program Files\Java\jdk-17.0.1\bin\jimage.dll
0x00007ff8ad370000 - 0x00007ff8ad554000 	C:\Windows\SYSTEM32\DBGHELP.DLL
0x00007ff893c20000 - 0x00007ff893c4c000 	C:\Windows\SYSTEM32\dbgcore.DLL
0x00007ff8afbf0000 - 0x00007ff8afc73000 	C:\Windows\System32\bcryptPrimitives.dll
0x00007ff8ab2b0000 - 0x00007ff8ab2be000 	C:\Program Files\Java\jdk-17.0.1\bin\instrument.dll
0x00007ff8ab2c0000 - 0x00007ff8ab2e5000 	C:\Program Files\Java\jdk-17.0.1\bin\java.dll
0x00007ff8864c0000 - 0x00007ff886596000 	C:\Program Files\Java\jdk-17.0.1\bin\svml.dll
0x00007ff8b1290000 - 0x00007ff8b19cf000 	C:\Windows\System32\SHELL32.dll
0x00007ff8adcb0000 - 0x00007ff8ae440000 	C:\Windows\SYSTEM32\windows.storage.dll
0x00007ff8b1d60000 - 0x00007ff8b20b5000 	C:\Windows\System32\combase.dll
0x00007ff8af560000 - 0x00007ff8af58c000 	C:\Windows\SYSTEM32\Wldp.dll
0x00007ff8b0e10000 - 0x00007ff8b0ebd000 	C:\Windows\System32\SHCORE.dll
0x00007ff8b2430000 - 0x00007ff8b2485000 	C:\Windows\System32\shlwapi.dll
0x00007ff8afb30000 - 0x00007ff8afb4f000 	C:\Windows\SYSTEM32\profapi.dll
0x00007ff8ab290000 - 0x00007ff8ab2a9000 	C:\Program Files\Java\jdk-17.0.1\bin\net.dll
0x00007ff89f7c0000 - 0x00007ff89f8c8000 	C:\Windows\SYSTEM32\WINHTTP.dll
0x00007ff8af340000 - 0x00007ff8af3aa000 	C:\Windows\system32\mswsock.dll
0x00007ff8aa6a0000 - 0x00007ff8aa6b5000 	C:\Program Files\Java\jdk-17.0.1\bin\nio.dll
0x00007ff885fc0000 - 0x00007ff885fd8000 	C:\Program Files\Java\jdk-17.0.1\bin\zip.dll
0x00007ff885a70000 - 0x00007ff885a8a000 	C:\Program Files\JetBrains\IntelliJ IDEA Community Edition 2021.2.3\bin\breakgen64.dll
0x0000022fed9d0000 - 0x0000022fed9d3000 	C:\Users\dvt12\.openjfx\cache\17.0.0.1\api-ms-win-core-console-l1-1-0.dll
0x0000022fed9e0000 - 0x0000022fed9e3000 	C:\Users\dvt12\.openjfx\cache\17.0.0.1\api-ms-win-core-console-l1-2-0.dll
0x0000022fed9f0000 - 0x0000022fed9f3000 	C:\Users\dvt12\.openjfx\cache\17.0.0.1\api-ms-win-core-datetime-l1-1-0.dll
0x0000022feda00000 - 0x0000022feda03000 	C:\Users\dvt12\.openjfx\cache\17.0.0.1\api-ms-win-core-debug-l1-1-0.dll
0x0000022feda10000 - 0x0000022feda13000 	C:\Users\dvt12\.openjfx\cache\17.0.0.1\api-ms-win-core-errorhandling-l1-1-0.dll
0x0000022feda20000 - 0x0000022feda24000 	C:\Users\dvt12\.openjfx\cache\17.0.0.1\api-ms-win-core-file-l1-1-0.dll
0x0000022feda30000 - 0x0000022feda33000 	C:\Users\dvt12\.openjfx\cache\17.0.0.1\api-ms-win-core-file-l1-2-0.dll
0x0000022feda40000 - 0x0000022feda43000 	C:\Users\dvt12\.openjfx\cache\17.0.0.1\api-ms-win-core-file-l2-1-0.dll
0x0000022feda50000 - 0x0000022feda53000 	C:\Users\dvt12\.openjfx\cache\17.0.0.1\api-ms-win-core-handle-l1-1-0.dll
0x0000022feda60000 - 0x0000022feda63000 	C:\Users\dvt12\.openjfx\cache\17.0.0.1\api-ms-win-core-heap-l1-1-0.dll
0x0000022feda70000 - 0x0000022feda73000 	C:\Users\dvt12\.openjfx\cache\17.0.0.1\api-ms-win-core-interlocked-l1-1-0.dll
0x0000022feda80000 - 0x0000022feda83000 	C:\Users\dvt12\.openjfx\cache\17.0.0.1\api-ms-win-core-libraryloader-l1-1-0.dll
0x0000022feda90000 - 0x0000022feda93000 	C:\Users\dvt12\.openjfx\cache\17.0.0.1\api-ms-win-core-localization-l1-2-0.dll
0x0000022fedaa0000 - 0x0000022fedaa3000 	C:\Users\dvt12\.openjfx\cache\17.0.0.1\api-ms-win-core-memory-l1-1-0.dll
0x0000022fedab0000 - 0x0000022fedab3000 	C:\Users\dvt12\.openjfx\cache\17.0.0.1\api-ms-win-core-namedpipe-l1-1-0.dll
0x0000022fedac0000 - 0x0000022fedac3000 	C:\Users\dvt12\.openjfx\cache\17.0.0.1\api-ms-win-core-processenvironment-l1-1-0.dll
0x0000022fedad0000 - 0x0000022fedad3000 	C:\Users\dvt12\.openjfx\cache\17.0.0.1\api-ms-win-core-processthreads-l1-1-0.dll
0x0000022fedae0000 - 0x0000022fedae3000 	C:\Users\dvt12\.openjfx\cache\17.0.0.1\api-ms-win-core-processthreads-l1-1-1.dll
0x0000022fedaf0000 - 0x0000022fedaf3000 	C:\Users\dvt12\.openjfx\cache\17.0.0.1\api-ms-win-core-profile-l1-1-0.dll
0x0000022fedb00000 - 0x0000022fedb03000 	C:\Users\dvt12\.openjfx\cache\17.0.0.1\api-ms-win-core-rtlsupport-l1-1-0.dll
0x0000022fedb10000 - 0x0000022fedb13000 	C:\Users\dvt12\.openjfx\cache\17.0.0.1\api-ms-win-core-string-l1-1-0.dll
0x0000022fedb20000 - 0x0000022fedb23000 	C:\Users\dvt12\.openjfx\cache\17.0.0.1\api-ms-win-core-synch-l1-1-0.dll
0x0000022fedb30000 - 0x0000022fedb33000 	C:\Users\dvt12\.openjfx\cache\17.0.0.1\api-ms-win-core-synch-l1-2-0.dll
0x0000022fedb40000 - 0x0000022fedb43000 	C:\Users\dvt12\.openjfx\cache\17.0.0.1\api-ms-win-core-sysinfo-l1-1-0.dll
0x0000022fedb50000 - 0x0000022fedb53000 	C:\Users\dvt12\.openjfx\cache\17.0.0.1\api-ms-win-core-timezone-l1-1-0.dll
0x0000022fedb60000 - 0x0000022fedb63000 	C:\Users\dvt12\.openjfx\cache\17.0.0.1\api-ms-win-core-util-l1-1-0.dll
0x0000022fedb70000 - 0x0000022fedb73000 	C:\Users\dvt12\.openjfx\cache\17.0.0.1\api-ms-win-crt-conio-l1-1-0.dll
0x0000022fedb80000 - 0x0000022fedb84000 	C:\Users\dvt12\.openjfx\cache\17.0.0.1\api-ms-win-crt-convert-l1-1-0.dll
0x0000022fedb90000 - 0x0000022fedb93000 	C:\Users\dvt12\.openjfx\cache\17.0.0.1\api-ms-win-crt-environment-l1-1-0.dll
0x0000022fedba0000 - 0x0000022fedba3000 	C:\Users\dvt12\.openjfx\cache\17.0.0.1\api-ms-win-crt-filesystem-l1-1-0.dll
0x0000022fedbb0000 - 0x0000022fedbb3000 	C:\Users\dvt12\.openjfx\cache\17.0.0.1\api-ms-win-crt-heap-l1-1-0.dll
0x0000022fedbc0000 - 0x0000022fedbc3000 	C:\Users\dvt12\.openjfx\cache\17.0.0.1\api-ms-win-crt-locale-l1-1-0.dll
0x0000022fedbd0000 - 0x0000022fedbd5000 	C:\Users\dvt12\.openjfx\cache\17.0.0.1\api-ms-win-crt-math-l1-1-0.dll
0x0000022fedbe0000 - 0x0000022fedbe5000 	C:\Users\dvt12\.openjfx\cache\17.0.0.1\api-ms-win-crt-multibyte-l1-1-0.dll
0x0000022fedbf0000 - 0x0000022fedc00000 	C:\Users\dvt12\.openjfx\cache\17.0.0.1\api-ms-win-crt-private-l1-1-0.dll
0x0000022feffd0000 - 0x0000022feffd3000 	C:\Users\dvt12\.openjfx\cache\17.0.0.1\api-ms-win-crt-process-l1-1-0.dll
0x0000022feffe0000 - 0x0000022feffe4000 	C:\Users\dvt12\.openjfx\cache\17.0.0.1\api-ms-win-crt-runtime-l1-1-0.dll
0x0000022fefff0000 - 0x0000022fefff4000 	C:\Users\dvt12\.openjfx\cache\17.0.0.1\api-ms-win-crt-stdio-l1-1-0.dll
0x0000022ff0000000 - 0x0000022ff0004000 	C:\Users\dvt12\.openjfx\cache\17.0.0.1\api-ms-win-crt-string-l1-1-0.dll
0x0000022ff0010000 - 0x0000022ff0013000 	C:\Users\dvt12\.openjfx\cache\17.0.0.1\api-ms-win-crt-time-l1-1-0.dll
0x0000022ff0020000 - 0x0000022ff0023000 	C:\Users\dvt12\.openjfx\cache\17.0.0.1\api-ms-win-crt-utility-l1-1-0.dll
0x00007ff856790000 - 0x00007ff85688c000 	C:\Users\dvt12\.openjfx\cache\17.0.0.1\ucrtbase.dll
0x00007ff8859c0000 - 0x00007ff8859da000 	C:\Users\dvt12\.openjfx\cache\17.0.0.1\vcruntime140.dll
0x00007ff8a7f20000 - 0x00007ff8a7f2c000 	C:\Users\dvt12\.openjfx\cache\17.0.0.1\vcruntime140_1.dll
0x00007ff87a730000 - 0x00007ff87a7bd000 	C:\Users\dvt12\.openjfx\cache\17.0.0.1\msvcp140.dll
0x00007ff885800000 - 0x00007ff88582a000 	C:\Users\dvt12\.openjfx\cache\17.0.0.1\prism_d3d.dll
0x00007ff8a2f70000 - 0x00007ff8a313e000 	C:\Windows\system32\d3d9.dll
0x00007ff8ad7c0000 - 0x00007ff8ad7ef000 	C:\Windows\SYSTEM32\dwmapi.dll
0x00007ff8ad1c0000 - 0x00007ff8ad25e000 	C:\Windows\system32\uxtheme.dll
0x00007ff8af7d0000 - 0x00007ff8af7e2000 	C:\Windows\SYSTEM32\msasn1.dll
0x00007ff8a75f0000 - 0x00007ff8a7621000 	C:\Windows\SYSTEM32\cryptnet.dll
0x00007ff8afff0000 - 0x00007ff8b0146000 	C:\Windows\System32\CRYPT32.dll
0x00007ff8a4ee0000 - 0x00007ff8a502a000 	C:\Windows\SYSTEM32\drvstore.dll
0x00007ff8af990000 - 0x00007ff8af9c4000 	C:\Windows\SYSTEM32\devobj.dll
0x00007ff8b03a0000 - 0x00007ff8b03ee000 	C:\Windows\System32\cfgmgr32.dll
0x00007ff8af4d0000 - 0x00007ff8af4dc000 	C:\Windows\SYSTEM32\cryptbase.dll
0x00007ff8b0340000 - 0x00007ff8b03a0000 	C:\Windows\System32\WINTRUST.DLL
0x00007ff8b23e0000 - 0x00007ff8b23fd000 	C:\Windows\System32\imagehlp.dll
0x00007ff8af5a0000 - 0x00007ff8af5b8000 	C:\Windows\SYSTEM32\CRYPTSP.dll
0x00007ff8aec70000 - 0x00007ff8aeca4000 	C:\Windows\system32\rsaenh.dll
0x00007ff8b03f0000 - 0x00007ff8b0417000 	C:\Windows\System32\bcrypt.dll
0x00007ff8b0ce0000 - 0x00007ff8b0e0a000 	C:\Windows\System32\ole32.dll
0x00007ff8b1c90000 - 0x00007ff8b1d5d000 	C:\Windows\System32\OLEAUT32.dll
0x00007ff884cb0000 - 0x00007ff884cf2000 	C:\Users\dvt12\.openjfx\cache\17.0.0.1\glass.dll
0x00007ff8b0520000 - 0x00007ff8b05fa000 	C:\Windows\System32\COMDLG32.dll
0x00007ff8b0bc0000 - 0x00007ff8b0cd5000 	C:\Windows\System32\MSCTF.dll
0x00007ff8ae450000 - 0x00007ff8ae473000 	C:\Windows\SYSTEM32\gpapi.dll
0x00007ff8aa130000 - 0x00007ff8aa16b000 	C:\Windows\SYSTEM32\dxcore.dll
0x00007ff8857e0000 - 0x00007ff8857f4000 	C:\Users\dvt12\.openjfx\cache\17.0.0.1\javafx_font.dll
0x00007ff87cbf0000 - 0x00007ff87ce73000 	C:\Windows\SYSTEM32\dwrite.dll
0x00007ff8b19d0000 - 0x00007ff8b1a79000 	C:\Windows\System32\clbcatq.dll
0x00007ff8acfd0000 - 0x00007ff8ad184000 	C:\Windows\SYSTEM32\WindowsCodecs.dll
0x00007ff87a520000 - 0x00007ff87a55e000 	C:\Windows\system32\dataexchange.dll
0x00007ff8ac240000 - 0x00007ff8ac4a4000 	C:\Windows\system32\d3d11.dll
0x00007ff8ac620000 - 0x00007ff8ac805000 	C:\Windows\system32\dcomp.dll
0x00007ff8ae4a0000 - 0x00007ff8ae594000 	C:\Windows\system32\dxgi.dll
0x00007ff8a8560000 - 0x00007ff8a8761000 	C:\Windows\system32\twinapi.appcore.dll
0x00007ff885ad0000 - 0x00007ff885b04000 	C:\Program Files\Common Files\Microsoft Shared\Ink\rtscom.dll
0x00007ff88d990000 - 0x00007ff88da89000 	C:\Windows\SYSTEM32\textinputframework.dll
0x00007ff8ac520000 - 0x00007ff8ac612000 	C:\Windows\System32\CoreMessaging.dll
0x00007ff8ab3a0000 - 0x00007ff8ab6fe000 	C:\Windows\System32\CoreUIComponents.dll

dbghelp: loaded successfully - version: 4.0.5 - missing functions: none
symbol engine: initialized successfully - sym options: 0x614 - pdb path: .;C:\Program Files\Java\jdk-17.0.1\bin;C:\Windows\SYSTEM32;C:\Windows\WinSxS\amd64_microsoft.windows.common-controls_6595b64144ccf1df_6.0.19041.1110_none_60b5254171f9507e;C:\Program Files\Java\jdk-17.0.1\bin\server;C:\Program Files\JetBrains\IntelliJ IDEA Community Edition 2021.2.3\bin;C:\Users\dvt12\.openjfx\cache\17.0.0.1;C:\Windows\System32\DriverStore\FileRepository\nvhmi.inf_amd64_64acab9172c932fe;C:\Windows\System32\DriverStore\FileRepository\iigd_dch.inf_amd64_a086f01cc7be643a;C:\Program Files\Common Files\Microsoft Shared\Ink

VM Arguments:
jvm_args: -javaagent:C:\Program Files\JetBrains\IntelliJ IDEA Community Edition 2021.2.3\lib\idea_rt.jar=58126:C:\Program Files\JetBrains\IntelliJ IDEA Community Edition 2021.2.3\bin -Dfile.encoding=UTF-8 --module-path=C:\Users\dvt12\IdeaProjects\todoList\target\classes;C:\Users\dvt12\.m2\repository\org\openjfx\javafx-fxml\17.0.0.1\javafx-fxml-17.0.0.1-win.jar;C:\Users\dvt12\.m2\repository\org\openjfx\javafx-base\17.0.0.1\javafx-base-17.0.0.1-win.jar;C:\Users\dvt12\.m2\repository\org\openjfx\javafx-controls\17.0.0.1\javafx-controls-17.0.0.1-win.jar;C:\Users\dvt12\.m2\repository\org\openjfx\javafx-graphics\17.0.0.1\javafx-graphics-17.0.0.1-win.jar -Djdk.module.main=com.example.todolist 
java_command: com.example.todolist/com.example.todolist.Application
java_class_path (initial): C:\Users\dvt12\IdeaProjects\todoList\.idea\libraries\postgresql-42.3.0.jar;C:\Users\dvt12\.m2\repository\org\openjfx\javafx-controls\17.0.0.1\javafx-controls-17.0.0.1.jar;C:\Users\dvt12\.m2\repository\org\openjfx\javafx-graphics\17.0.0.1\javafx-graphics-17.0.0.1.jar;C:\Users\dvt12\.m2\repository\org\openjfx\javafx-base\17.0.0.1\javafx-base-17.0.0.1.jar;C:\Users\dvt12\.m2\repository\org\openjfx\javafx-fxml\17.0.0.1\javafx-fxml-17.0.0.1.jar;C:\Users\dvt12\.m2\repository\org\postgresql\postgresql\42.2.23\postgresql-42.2.23.jar;C:\Users\dvt12\.m2\repository\org\checkerframework\checker-qual\3.5.0\checker-qual-3.5.0.jar;C:\Users\dvt12\.m2\repository\org\mortbay\jetty\jetty\6.1.25\jetty-6.1.25.jar;C:\Users\dvt12\.m2\repository\org\mortbay\jetty\jetty-util\6.1.25\jetty-util-6.1.25.jar;C:\Users\dvt12\.m2\repository\org\mortbay\jetty\servlet-api\2.5-20081211\servlet-api-2.5-20081211.jar
Launcher Type: SUN_STANDARD

[Global flags]
     intx CICompilerCount                          = 4                                         {product} {ergonomic}
     uint ConcGCThreads                            = 2                                         {product} {ergonomic}
     uint G1ConcRefinementThreads                  = 8                                         {product} {ergonomic}
   size_t G1HeapRegionSize                         = 1048576                                   {product} {ergonomic}
    uintx GCDrainStackTargetSize                   = 64                                        {product} {ergonomic}
   size_t InitialHeapSize                          = 134217728                                 {product} {ergonomic}
   size_t MarkStackSize                            = 4194304                                   {product} {ergonomic}
   size_t MaxHeapSize                              = 2118123520                                {product} {ergonomic}
   size_t MaxNewSize                               = 1270874112                                {product} {ergonomic}
   size_t MinHeapDeltaBytes                        = 1048576                                   {product} {ergonomic}
   size_t MinHeapSize                              = 8388608                                   {product} {ergonomic}
    uintx NonNMethodCodeHeapSize                   = 5839372                                {pd product} {ergonomic}
    uintx NonProfiledCodeHeapSize                  = 122909434                              {pd product} {ergonomic}
    uintx ProfiledCodeHeapSize                     = 122909434                              {pd product} {ergonomic}
    uintx ReservedCodeCacheSize                    = 251658240                              {pd product} {ergonomic}
     bool SegmentedCodeCache                       = true                                      {product} {ergonomic}
   size_t SoftMaxHeapSize                          = 2118123520                             {manageable} {ergonomic}
     bool UseCompressedClassPointers               = true                           {product lp64_product} {ergonomic}
     bool UseCompressedOops                        = true                           {product lp64_product} {ergonomic}
     bool UseG1GC                                  = true                                      {product} {ergonomic}
     bool UseLargePagesIndividualAllocation        = false                                  {pd product} {ergonomic}

Logging:
Log output configuration:
 #0: stdout all=off uptime,level,tags
 #1: stderr all=off uptime,level,tags

Environment Variables:
PATH=C:\Program Files\Common Files\Oracle\Java\javapath;C:\Program Files (x86)\Common Files\Oracle\Java\javapath;C:\Windows\system32;C:\Windows;C:\Windows\System32\Wbem;C:\Windows\System32\WindowsPowerShell\v1.0\;C:\Windows\System32\OpenSSH\;C:\Program Files\dotnet\;C:\Program Files (x86)\NVIDIA Corporation\PhysX\Common;C:\Program Files\Docker\Docker\resources\bin;C:\ProgramData\DockerDesktop\version-bin;C:\Program Files\Java\jdk-17.0.1\bin;C:\Program Files (x86)\Java\jre1.8.0_311\bin;C:\Program Files\Git\cmd;C:\Users\dvt12\AppData\Local\Microsoft\WindowsApps;C:\Users\dvt12\AppData\Local\GitHubDesktop\bin;C:\Users\dvt12\AppData\Local\Programs\Microsoft VS Code\bin;C:\Users\dvt12\.dotnet\tools;C:\Program Files\Java\jdk-17.0.1\bin;C:\Program Files (x86)\Java\jre1.8.0_311\bin;C:\Program Files\heroku\bin;C:\Program Files\JetBrains\IntelliJ IDEA Community Edition 2021.2.3\bin;;C:\Program Files\PostgreSQL\14\bin;
USERNAME=dvt12
OS=Windows_NT
PROCESSOR_IDENTIFIER=Intel64 Family 6 Model 158 Stepping 9, GenuineIntel



---------------  S Y S T E M  ---------------

OS:
 Windows 10 , 64 bit Build 19041 (10.0.19041.1202)
OS uptime: 1 days 22:33 hours
Hyper-V role detected

CPU: total 8 (initial active 8) (4 cores per cpu, 2 threads per core) family 6 model 158 stepping 9 microcode 0xb4, cx8, cmov, fxsr, ht, mmx, 3dnowpref, sse, sse2, sse3, ssse3, sse4.1, sse4.2, popcnt, lzcnt, tsc, tscinvbit, avx, avx2, aes, erms, clmul, bmi1, bmi2, adx, fma, vzeroupper, clflush, clflushopt, hv

Memory: 4k page, system-wide physical 8077M (1009M free)
TotalPageFile size 19252M (AvailPageFile size 3290M)
current process WorkingSet (physical memory assigned to process): 160M, peak: 180M
current process commit charge ("private bytes"): 317M, peak: 345M

vm_info: Java HotSpot(TM) 64-Bit Server VM (17.0.1+12-LTS-39) for windows-amd64 JRE (17.0.1+12-LTS-39), built on Sep 27 2021 18:41:35 by "mach5one" with MS VC++ 16.8 (VS2019)

END.
